[2025-04-18T06:45:11.508+0000] {local_task_job_runner.py:123} INFO - ::group::Pre task execution logs
[2025-04-18T06:45:11.527+0000] {taskinstance.py:2614} INFO - Dependencies all met for dep_context=non-requeueable deps ti=<TaskInstance: image_processing_pipeline.send_notifications scheduled__2025-04-18T06:40:00+00:00 [queued]>
[2025-04-18T06:45:11.537+0000] {taskinstance.py:2614} INFO - Dependencies all met for dep_context=requeueable deps ti=<TaskInstance: image_processing_pipeline.send_notifications scheduled__2025-04-18T06:40:00+00:00 [queued]>
[2025-04-18T06:45:11.538+0000] {taskinstance.py:2867} INFO - Starting attempt 1 of 2
[2025-04-18T06:45:11.549+0000] {taskinstance.py:2890} INFO - Executing <Task(PythonOperator): send_notifications> on 2025-04-18 06:40:00+00:00
[2025-04-18T06:45:11.557+0000] {standard_task_runner.py:104} INFO - Running: ['***', 'tasks', 'run', 'image_processing_pipeline', 'send_notifications', 'scheduled__2025-04-18T06:40:00+00:00', '--job-id', '39', '--raw', '--subdir', 'DAGS_FOLDER/image_processing_dag.py', '--cfg-path', '/tmp/tmpqy7hh36p']
[2025-04-18T06:45:11.559+0000] {standard_task_runner.py:105} INFO - Job 39: Subtask send_notifications
[2025-04-18T06:45:11.561+0000] {logging_mixin.py:190} WARNING - /home/***/.local/lib/python3.12/site-packages/***/task/task_runner/standard_task_runner.py:70 DeprecationWarning: This process (pid=259) is multi-threaded, use of fork() may lead to deadlocks in the child.
[2025-04-18T06:45:11.562+0000] {standard_task_runner.py:72} INFO - Started process 260 to run task
[2025-04-18T06:45:11.598+0000] {task_command.py:467} INFO - Running <TaskInstance: image_processing_pipeline.send_notifications scheduled__2025-04-18T06:40:00+00:00 [running]> on host 96ec7c07bc54
[2025-04-18T06:45:11.657+0000] {taskinstance.py:3134} INFO - Exporting env vars: AIRFLOW_CTX_DAG_OWNER='***' AIRFLOW_CTX_DAG_ID='image_processing_pipeline' AIRFLOW_CTX_TASK_ID='send_notifications' AIRFLOW_CTX_EXECUTION_DATE='2025-04-18T06:40:00+00:00' AIRFLOW_CTX_TRY_NUMBER='1' AIRFLOW_CTX_DAG_RUN_ID='scheduled__2025-04-18T06:40:00+00:00'
[2025-04-18T06:45:11.657+0000] {taskinstance.py:732} INFO - ::endgroup::
[2025-04-18T06:45:11.676+0000] {notifications.py:23} INFO - Sending SNS notification to arn:aws:sns:ap-south-1:692859944185:image-processing-complete
[2025-04-18T06:45:11.686+0000] {base.py:84} INFO - Retrieving connection 'aws_default'
[2025-04-18T06:45:12.051+0000] {notifications.py:32} INFO - SNS notification sent: 651331b7-6885-50c5-b36f-51cc9fbdf6a6
[2025-04-18T06:45:12.054+0000] {python.py:240} INFO - Done. Returned value was: None
[2025-04-18T06:45:12.068+0000] {taskinstance.py:341} INFO - ::group::Post task execution logs
[2025-04-18T06:45:12.069+0000] {taskinstance.py:353} INFO - Marking task as SUCCESS. dag_id=image_processing_pipeline, task_id=send_notifications, run_id=scheduled__2025-04-18T06:40:00+00:00, execution_date=20250418T064000, start_date=20250418T064511, end_date=20250418T064512
[2025-04-18T06:45:12.137+0000] {local_task_job_runner.py:266} INFO - Task exited with return code 0
[2025-04-18T06:45:12.163+0000] {taskinstance.py:3901} INFO - 0 downstream tasks scheduled from follow-on schedule check
[2025-04-18T06:45:12.165+0000] {local_task_job_runner.py:245} INFO - ::endgroup::
