[2025-04-18T11:50:59.189+0000] {local_task_job_runner.py:123} INFO - ::group::Pre task execution logs
[2025-04-18T11:50:59.208+0000] {taskinstance.py:2614} INFO - Dependencies all met for dep_context=non-requeueable deps ti=<TaskInstance: image_processing_pipeline.send_notifications manual__2025-04-18T11:50:45.115094+00:00 [queued]>
[2025-04-18T11:50:59.216+0000] {taskinstance.py:2614} INFO - Dependencies all met for dep_context=requeueable deps ti=<TaskInstance: image_processing_pipeline.send_notifications manual__2025-04-18T11:50:45.115094+00:00 [queued]>
[2025-04-18T11:50:59.217+0000] {taskinstance.py:2867} INFO - Starting attempt 1 of 2
[2025-04-18T11:50:59.230+0000] {taskinstance.py:2890} INFO - Executing <Task(PythonOperator): send_notifications> on 2025-04-18 11:50:45.115094+00:00
[2025-04-18T11:50:59.237+0000] {standard_task_runner.py:104} INFO - Running: ['***', 'tasks', 'run', 'image_processing_pipeline', 'send_notifications', 'manual__2025-04-18T11:50:45.115094+00:00', '--job-id', '82', '--raw', '--subdir', 'DAGS_FOLDER/image_processing_dag.py', '--cfg-path', '/tmp/tmp43vwkvqu']
[2025-04-18T11:50:59.239+0000] {standard_task_runner.py:105} INFO - Job 82: Subtask send_notifications
[2025-04-18T11:50:59.241+0000] {logging_mixin.py:190} WARNING - /home/***/.local/lib/python3.12/site-packages/***/task/task_runner/standard_task_runner.py:70 DeprecationWarning: This process (pid=226) is multi-threaded, use of fork() may lead to deadlocks in the child.
[2025-04-18T11:50:59.241+0000] {standard_task_runner.py:72} INFO - Started process 227 to run task
[2025-04-18T11:50:59.271+0000] {task_command.py:467} INFO - Running <TaskInstance: image_processing_pipeline.send_notifications manual__2025-04-18T11:50:45.115094+00:00 [running]> on host 8a38d9806031
[2025-04-18T11:50:59.335+0000] {taskinstance.py:3134} INFO - Exporting env vars: AIRFLOW_CTX_DAG_OWNER='***' AIRFLOW_CTX_DAG_ID='image_processing_pipeline' AIRFLOW_CTX_TASK_ID='send_notifications' AIRFLOW_CTX_EXECUTION_DATE='2025-04-18T11:50:45.115094+00:00' AIRFLOW_CTX_TRY_NUMBER='1' AIRFLOW_CTX_DAG_RUN_ID='manual__2025-04-18T11:50:45.115094+00:00'
[2025-04-18T11:50:59.335+0000] {taskinstance.py:732} INFO - ::endgroup::
[2025-04-18T11:50:59.356+0000] {notifications.py:23} INFO - Sending SNS notification to arn:aws:sns:ap-south-1:692859944185:image-processing-complete
[2025-04-18T11:50:59.364+0000] {base.py:84} INFO - Retrieving connection 'aws_default'
[2025-04-18T11:50:59.735+0000] {notifications.py:32} INFO - SNS notification sent: b9a3ca18-799e-5355-98fc-aa64477ac397
[2025-04-18T11:50:59.738+0000] {notifications.py:23} INFO - Sending SNS notification to arn:aws:sns:ap-south-1:692859944185:image-processing-complete
[2025-04-18T11:50:59.748+0000] {base.py:84} INFO - Retrieving connection 'aws_default'
[2025-04-18T11:50:59.923+0000] {notifications.py:32} INFO - SNS notification sent: 185096ce-33a8-57db-9e06-f6b20d4c8265
[2025-04-18T11:50:59.926+0000] {notifications.py:23} INFO - Sending SNS notification to arn:aws:sns:ap-south-1:692859944185:image-processing-complete
[2025-04-18T11:50:59.938+0000] {base.py:84} INFO - Retrieving connection 'aws_default'
[2025-04-18T11:51:00.127+0000] {notifications.py:32} INFO - SNS notification sent: 9a80998b-c0fb-5621-8433-f9f7fe1ff802
[2025-04-18T11:51:00.129+0000] {notifications.py:23} INFO - Sending SNS notification to arn:aws:sns:ap-south-1:692859944185:image-processing-complete
[2025-04-18T11:51:00.141+0000] {base.py:84} INFO - Retrieving connection 'aws_default'
[2025-04-18T11:51:00.337+0000] {notifications.py:32} INFO - SNS notification sent: 9a9bca6c-bfc6-52b4-a2ed-aa1081225713
[2025-04-18T11:51:00.338+0000] {python.py:240} INFO - Done. Returned value was: None
[2025-04-18T11:51:00.345+0000] {taskinstance.py:341} INFO - ::group::Post task execution logs
[2025-04-18T11:51:00.345+0000] {taskinstance.py:353} INFO - Marking task as SUCCESS. dag_id=image_processing_pipeline, task_id=send_notifications, run_id=manual__2025-04-18T11:50:45.115094+00:00, execution_date=20250418T115045, start_date=20250418T115059, end_date=20250418T115100
[2025-04-18T11:51:00.420+0000] {local_task_job_runner.py:266} INFO - Task exited with return code 0
[2025-04-18T11:51:00.445+0000] {taskinstance.py:3901} INFO - 0 downstream tasks scheduled from follow-on schedule check
[2025-04-18T11:51:00.447+0000] {local_task_job_runner.py:245} INFO - ::endgroup::
