[2025-04-18T11:31:27.916+0000] {local_task_job_runner.py:123} INFO - ::group::Pre task execution logs
[2025-04-18T11:31:27.937+0000] {taskinstance.py:2614} INFO - Dependencies all met for dep_context=non-requeueable deps ti=<TaskInstance: image_processing_pipeline.upload_processed_images scheduled__2025-04-17T00:00:00+00:00 [queued]>
[2025-04-18T11:31:27.948+0000] {taskinstance.py:2614} INFO - Dependencies all met for dep_context=requeueable deps ti=<TaskInstance: image_processing_pipeline.upload_processed_images scheduled__2025-04-17T00:00:00+00:00 [queued]>
[2025-04-18T11:31:27.948+0000] {taskinstance.py:2867} INFO - Starting attempt 1 of 2
[2025-04-18T11:31:27.960+0000] {taskinstance.py:2890} INFO - Executing <Task(PythonOperator): upload_processed_images> on 2025-04-17 00:00:00+00:00
[2025-04-18T11:31:27.968+0000] {standard_task_runner.py:104} INFO - Running: ['***', 'tasks', 'run', 'image_processing_pipeline', 'upload_processed_images', 'scheduled__2025-04-17T00:00:00+00:00', '--job-id', '71', '--raw', '--subdir', 'DAGS_FOLDER/image_processing_dag.py', '--cfg-path', '/tmp/tmppvpht7m2']
[2025-04-18T11:31:27.970+0000] {standard_task_runner.py:105} INFO - Job 71: Subtask upload_processed_images
[2025-04-18T11:31:27.971+0000] {logging_mixin.py:190} WARNING - /home/***/.local/lib/python3.12/site-packages/***/task/task_runner/standard_task_runner.py:70 DeprecationWarning: This process (pid=236) is multi-threaded, use of fork() may lead to deadlocks in the child.
[2025-04-18T11:31:27.971+0000] {standard_task_runner.py:72} INFO - Started process 239 to run task
[2025-04-18T11:31:28.003+0000] {task_command.py:467} INFO - Running <TaskInstance: image_processing_pipeline.upload_processed_images scheduled__2025-04-17T00:00:00+00:00 [running]> on host 8a38d9806031
[2025-04-18T11:31:28.065+0000] {taskinstance.py:3134} INFO - Exporting env vars: AIRFLOW_CTX_DAG_OWNER='***' AIRFLOW_CTX_DAG_ID='image_processing_pipeline' AIRFLOW_CTX_TASK_ID='upload_processed_images' AIRFLOW_CTX_EXECUTION_DATE='2025-04-17T00:00:00+00:00' AIRFLOW_CTX_TRY_NUMBER='1' AIRFLOW_CTX_DAG_RUN_ID='scheduled__2025-04-17T00:00:00+00:00'
[2025-04-18T11:31:28.065+0000] {taskinstance.py:732} INFO - ::endgroup::
[2025-04-18T11:31:28.082+0000] {s3_operations.py:30} INFO - Uploading /tmp/***_image_processing/Dario-Nessi_Sir-no-photos-please-copy.jpg to processed-images-***/processed/Dario-Nessi_Sir-no-photos-please-copy.jpg
[2025-04-18T11:31:28.089+0000] {base.py:84} INFO - Retrieving connection 'aws_default'
[2025-04-18T11:31:28.609+0000] {s3_operations.py:33} INFO - Successfully uploaded file to processed-images-***/processed/Dario-Nessi_Sir-no-photos-please-copy.jpg
[2025-04-18T11:31:28.612+0000] {image_processing_dag.py:161} INFO - Removed temporary file: /tmp/***_image_processing/Dario-Nessi_Sir-no-photos-please-copy.jpg
[2025-04-18T11:31:28.613+0000] {s3_operations.py:30} INFO - Uploading /tmp/***_image_processing/Fish-and-chips.jpg to processed-images-***/processed/Fish-and-chips.jpg
[2025-04-18T11:31:28.624+0000] {base.py:84} INFO - Retrieving connection 'aws_default'
[2025-04-18T11:31:28.915+0000] {s3_operations.py:33} INFO - Successfully uploaded file to processed-images-***/processed/Fish-and-chips.jpg
[2025-04-18T11:31:28.917+0000] {image_processing_dag.py:161} INFO - Removed temporary file: /tmp/***_image_processing/Fish-and-chips.jpg
[2025-04-18T11:31:28.917+0000] {s3_operations.py:30} INFO - Uploading /tmp/***_image_processing/uwp4684000.jpeg to processed-images-***/processed/uwp4684000.jpeg
[2025-04-18T11:31:28.922+0000] {base.py:84} INFO - Retrieving connection 'aws_default'
[2025-04-18T11:31:29.193+0000] {s3_operations.py:33} INFO - Successfully uploaded file to processed-images-***/processed/uwp4684000.jpeg
[2025-04-18T11:31:29.195+0000] {image_processing_dag.py:161} INFO - Removed temporary file: /tmp/***_image_processing/uwp4684000.jpeg
[2025-04-18T11:31:29.195+0000] {s3_operations.py:30} INFO - Uploading /tmp/***_image_processing/wp4666942-dragon-fantasy-art-wallpapers.jpg to processed-images-***/processed/wp4666942-dragon-fantasy-art-wallpapers.jpg
[2025-04-18T11:31:29.206+0000] {base.py:84} INFO - Retrieving connection 'aws_default'
[2025-04-18T11:31:29.493+0000] {s3_operations.py:33} INFO - Successfully uploaded file to processed-images-***/processed/wp4666942-dragon-fantasy-art-wallpapers.jpg
[2025-04-18T11:31:29.495+0000] {image_processing_dag.py:161} INFO - Removed temporary file: /tmp/***_image_processing/wp4666942-dragon-fantasy-art-wallpapers.jpg
[2025-04-18T11:31:29.496+0000] {python.py:240} INFO - Done. Returned value was: [{'original_key': 'Dario-Nessi_Sir-no-photos-please-copy.jpg', 'processed_key': 'processed/Dario-Nessi_Sir-no-photos-please-copy.jpg', 'local_path': '/tmp/***_image_processing/Dario-Nessi_Sir-no-photos-please-copy.jpg', 's3_url': 's3://processed-images-***/processed/Dario-Nessi_Sir-no-photos-please-copy.jpg'}, {'original_key': 'Fish-and-chips.jpg', 'processed_key': 'processed/Fish-and-chips.jpg', 'local_path': '/tmp/***_image_processing/Fish-and-chips.jpg', 's3_url': 's3://processed-images-***/processed/Fish-and-chips.jpg'}, {'original_key': 'uwp4684000.jpeg', 'processed_key': 'processed/uwp4684000.jpeg', 'local_path': '/tmp/***_image_processing/uwp4684000.jpeg', 's3_url': 's3://processed-images-***/processed/uwp4684000.jpeg'}, {'original_key': 'wp4666942-dragon-fantasy-art-wallpapers.jpg', 'processed_key': 'processed/wp4666942-dragon-fantasy-art-wallpapers.jpg', 'local_path': '/tmp/***_image_processing/wp4666942-dragon-fantasy-art-wallpapers.jpg', 's3_url': 's3://processed-images-***/processed/wp4666942-dragon-fantasy-art-wallpapers.jpg'}]
[2025-04-18T11:31:29.534+0000] {taskinstance.py:341} INFO - ::group::Post task execution logs
[2025-04-18T11:31:29.535+0000] {taskinstance.py:353} INFO - Marking task as SUCCESS. dag_id=image_processing_pipeline, task_id=upload_processed_images, run_id=scheduled__2025-04-17T00:00:00+00:00, execution_date=20250417T000000, start_date=20250418T113127, end_date=20250418T113129
[2025-04-18T11:31:29.589+0000] {local_task_job_runner.py:266} INFO - Task exited with return code 0
[2025-04-18T11:31:29.606+0000] {taskinstance.py:3901} INFO - 1 downstream tasks scheduled from follow-on schedule check
[2025-04-18T11:31:29.607+0000] {local_task_job_runner.py:245} INFO - ::endgroup::
