[2025-04-18T06:45:05.229+0000] {local_task_job_runner.py:123} INFO - ::group::Pre task execution logs
[2025-04-18T06:45:05.248+0000] {taskinstance.py:2614} INFO - Dependencies all met for dep_context=non-requeueable deps ti=<TaskInstance: image_processing_pipeline.download_images scheduled__2025-04-18T06:40:00+00:00 [queued]>
[2025-04-18T06:45:05.259+0000] {taskinstance.py:2614} INFO - Dependencies all met for dep_context=requeueable deps ti=<TaskInstance: image_processing_pipeline.download_images scheduled__2025-04-18T06:40:00+00:00 [queued]>
[2025-04-18T06:45:05.259+0000] {taskinstance.py:2867} INFO - Starting attempt 1 of 2
[2025-04-18T06:45:05.270+0000] {taskinstance.py:2890} INFO - Executing <Task(PythonOperator): download_images> on 2025-04-18 06:40:00+00:00
[2025-04-18T06:45:05.278+0000] {standard_task_runner.py:104} INFO - Running: ['***', 'tasks', 'run', 'image_processing_pipeline', 'download_images', 'scheduled__2025-04-18T06:40:00+00:00', '--job-id', '35', '--raw', '--subdir', 'DAGS_FOLDER/image_processing_dag.py', '--cfg-path', '/tmp/tmpk_j5lfmi']
[2025-04-18T06:45:05.280+0000] {standard_task_runner.py:105} INFO - Job 35: Subtask download_images
[2025-04-18T06:45:05.283+0000] {logging_mixin.py:190} WARNING - /home/***/.local/lib/python3.12/site-packages/***/task/task_runner/standard_task_runner.py:70 DeprecationWarning: This process (pid=238) is multi-threaded, use of fork() may lead to deadlocks in the child.
[2025-04-18T06:45:05.283+0000] {standard_task_runner.py:72} INFO - Started process 239 to run task
[2025-04-18T06:45:05.320+0000] {task_command.py:467} INFO - Running <TaskInstance: image_processing_pipeline.download_images scheduled__2025-04-18T06:40:00+00:00 [running]> on host 96ec7c07bc54
[2025-04-18T06:45:05.384+0000] {taskinstance.py:3134} INFO - Exporting env vars: AIRFLOW_CTX_DAG_OWNER='***' AIRFLOW_CTX_DAG_ID='image_processing_pipeline' AIRFLOW_CTX_TASK_ID='download_images' AIRFLOW_CTX_EXECUTION_DATE='2025-04-18T06:40:00+00:00' AIRFLOW_CTX_TRY_NUMBER='1' AIRFLOW_CTX_DAG_RUN_ID='scheduled__2025-04-18T06:40:00+00:00'
[2025-04-18T06:45:05.385+0000] {taskinstance.py:732} INFO - ::endgroup::
[2025-04-18T06:45:05.405+0000] {image_processing_dag.py:68} INFO - Found 1 files to process: ['Dario-Nessi_Sir-no-photos-please-copy.jpg']
[2025-04-18T06:45:05.406+0000] {s3_operations.py:22} INFO - Downloading Dario-Nessi_Sir-no-photos-please-copy.jpg from original-images-*** to /tmp/***_image_processing/Dario-Nessi_Sir-no-photos-please-copy.jpg
[2025-04-18T06:45:05.416+0000] {base.py:84} INFO - Retrieving connection 'aws_default'
[2025-04-18T06:45:06.176+0000] {s3_operations.py:26} INFO - Successfully downloaded file to /tmp/***_image_processing/Dario-Nessi_Sir-no-photos-please-copy.jpg
[2025-04-18T06:45:06.180+0000] {python.py:240} INFO - Done. Returned value was: [{'original_key': 'Dario-Nessi_Sir-no-photos-please-copy.jpg', 'local_path': '/tmp/***_image_processing/Dario-Nessi_Sir-no-photos-please-copy.jpg'}]
[2025-04-18T06:45:06.215+0000] {taskinstance.py:341} INFO - ::group::Post task execution logs
[2025-04-18T06:45:06.216+0000] {taskinstance.py:353} INFO - Marking task as SUCCESS. dag_id=image_processing_pipeline, task_id=download_images, run_id=scheduled__2025-04-18T06:40:00+00:00, execution_date=20250418T064000, start_date=20250418T064505, end_date=20250418T064506
[2025-04-18T06:45:06.260+0000] {local_task_job_runner.py:266} INFO - Task exited with return code 0
[2025-04-18T06:45:06.291+0000] {taskinstance.py:3901} INFO - 1 downstream tasks scheduled from follow-on schedule check
[2025-04-18T06:45:06.293+0000] {local_task_job_runner.py:245} INFO - ::endgroup::
