[2025-04-18T11:31:22.800+0000] {local_task_job_runner.py:123} INFO - ::group::Pre task execution logs
[2025-04-18T11:31:22.817+0000] {taskinstance.py:2614} INFO - Dependencies all met for dep_context=non-requeueable deps ti=<TaskInstance: image_processing_pipeline.download_images manual__2025-04-18T11:31:19.094464+00:00 [queued]>
[2025-04-18T11:31:22.823+0000] {taskinstance.py:2614} INFO - Dependencies all met for dep_context=requeueable deps ti=<TaskInstance: image_processing_pipeline.download_images manual__2025-04-18T11:31:19.094464+00:00 [queued]>
[2025-04-18T11:31:22.823+0000] {taskinstance.py:2867} INFO - Starting attempt 1 of 2
[2025-04-18T11:31:22.832+0000] {taskinstance.py:2890} INFO - Executing <Task(PythonOperator): download_images> on 2025-04-18 11:31:19.094464+00:00
[2025-04-18T11:31:22.841+0000] {logging_mixin.py:190} WARNING - /home/***/.local/lib/python3.12/site-packages/***/task/task_runner/standard_task_runner.py:70 DeprecationWarning: This process (pid=207) is multi-threaded, use of fork() may lead to deadlocks in the child.
[2025-04-18T11:31:22.840+0000] {standard_task_runner.py:104} INFO - Running: ['***', 'tasks', 'run', 'image_processing_pipeline', 'download_images', 'manual__2025-04-18T11:31:19.094464+00:00', '--job-id', '67', '--raw', '--subdir', 'DAGS_FOLDER/image_processing_dag.py', '--cfg-path', '/tmp/tmpu61ldjik']
[2025-04-18T11:31:22.842+0000] {standard_task_runner.py:72} INFO - Started process 210 to run task
[2025-04-18T11:31:22.842+0000] {standard_task_runner.py:105} INFO - Job 67: Subtask download_images
[2025-04-18T11:31:22.871+0000] {task_command.py:467} INFO - Running <TaskInstance: image_processing_pipeline.download_images manual__2025-04-18T11:31:19.094464+00:00 [running]> on host 8a38d9806031
[2025-04-18T11:31:22.929+0000] {taskinstance.py:3134} INFO - Exporting env vars: AIRFLOW_CTX_DAG_OWNER='***' AIRFLOW_CTX_DAG_ID='image_processing_pipeline' AIRFLOW_CTX_TASK_ID='download_images' AIRFLOW_CTX_EXECUTION_DATE='2025-04-18T11:31:19.094464+00:00' AIRFLOW_CTX_TRY_NUMBER='1' AIRFLOW_CTX_DAG_RUN_ID='manual__2025-04-18T11:31:19.094464+00:00'
[2025-04-18T11:31:22.929+0000] {taskinstance.py:732} INFO - ::endgroup::
[2025-04-18T11:31:22.945+0000] {image_processing_dag.py:67} INFO - Found 4 files to process: ['Dario-Nessi_Sir-no-photos-please-copy.jpg', 'Fish-and-chips.jpg', 'uwp4684000.jpeg', 'wp4666942-dragon-fantasy-art-wallpapers.jpg']
[2025-04-18T11:31:22.945+0000] {s3_operations.py:22} INFO - Downloading Dario-Nessi_Sir-no-photos-please-copy.jpg from original-images-*** to /tmp/***_image_processing/Dario-Nessi_Sir-no-photos-please-copy.jpg
[2025-04-18T11:31:22.952+0000] {base.py:84} INFO - Retrieving connection 'aws_default'
[2025-04-18T11:31:23.941+0000] {s3_operations.py:26} INFO - Successfully downloaded file to /tmp/***_image_processing/Dario-Nessi_Sir-no-photos-please-copy.jpg
[2025-04-18T11:31:23.944+0000] {s3_operations.py:22} INFO - Downloading Fish-and-chips.jpg from original-images-*** to /tmp/***_image_processing/Fish-and-chips.jpg
[2025-04-18T11:31:23.955+0000] {base.py:84} INFO - Retrieving connection 'aws_default'
[2025-04-18T11:31:24.393+0000] {s3_operations.py:26} INFO - Successfully downloaded file to /tmp/***_image_processing/Fish-and-chips.jpg
[2025-04-18T11:31:24.394+0000] {s3_operations.py:22} INFO - Downloading uwp4684000.jpeg from original-images-*** to /tmp/***_image_processing/uwp4684000.jpeg
[2025-04-18T11:31:24.399+0000] {base.py:84} INFO - Retrieving connection 'aws_default'
[2025-04-18T11:31:24.936+0000] {s3_operations.py:26} INFO - Successfully downloaded file to /tmp/***_image_processing/uwp4684000.jpeg
[2025-04-18T11:31:24.938+0000] {s3_operations.py:22} INFO - Downloading wp4666942-dragon-fantasy-art-wallpapers.jpg from original-images-*** to /tmp/***_image_processing/wp4666942-dragon-fantasy-art-wallpapers.jpg
[2025-04-18T11:31:24.949+0000] {base.py:84} INFO - Retrieving connection 'aws_default'
[2025-04-18T11:31:26.762+0000] {s3_operations.py:26} INFO - Successfully downloaded file to /tmp/***_image_processing/wp4666942-dragon-fantasy-art-wallpapers.jpg
[2025-04-18T11:31:26.764+0000] {python.py:240} INFO - Done. Returned value was: [{'original_key': 'Dario-Nessi_Sir-no-photos-please-copy.jpg', 'local_path': '/tmp/***_image_processing/Dario-Nessi_Sir-no-photos-please-copy.jpg'}, {'original_key': 'Fish-and-chips.jpg', 'local_path': '/tmp/***_image_processing/Fish-and-chips.jpg'}, {'original_key': 'uwp4684000.jpeg', 'local_path': '/tmp/***_image_processing/uwp4684000.jpeg'}, {'original_key': 'wp4666942-dragon-fantasy-art-wallpapers.jpg', 'local_path': '/tmp/***_image_processing/wp4666942-dragon-fantasy-art-wallpapers.jpg'}]
[2025-04-18T11:31:26.779+0000] {taskinstance.py:341} INFO - ::group::Post task execution logs
[2025-04-18T11:31:26.779+0000] {taskinstance.py:353} INFO - Marking task as SUCCESS. dag_id=image_processing_pipeline, task_id=download_images, run_id=manual__2025-04-18T11:31:19.094464+00:00, execution_date=20250418T113119, start_date=20250418T113122, end_date=20250418T113126
[2025-04-18T11:31:26.826+0000] {local_task_job_runner.py:266} INFO - Task exited with return code 0
[2025-04-18T11:31:26.845+0000] {taskinstance.py:3901} INFO - 1 downstream tasks scheduled from follow-on schedule check
[2025-04-18T11:31:26.847+0000] {local_task_job_runner.py:245} INFO - ::endgroup::
