[2025-04-18T06:47:14.622+0000] {local_task_job_runner.py:123} INFO - ::group::Pre task execution logs
[2025-04-18T06:47:14.638+0000] {taskinstance.py:2614} INFO - Dependencies all met for dep_context=non-requeueable deps ti=<TaskInstance: image_processing_pipeline.send_notifications scheduled__2025-04-18T06:30:00+00:00 [queued]>
[2025-04-18T06:47:14.646+0000] {taskinstance.py:2614} INFO - Dependencies all met for dep_context=requeueable deps ti=<TaskInstance: image_processing_pipeline.send_notifications scheduled__2025-04-18T06:30:00+00:00 [queued]>
[2025-04-18T06:47:14.646+0000] {taskinstance.py:2867} INFO - Starting attempt 1 of 2
[2025-04-18T06:47:14.657+0000] {taskinstance.py:2890} INFO - Executing <Task(PythonOperator): send_notifications> on 2025-04-18 06:30:00+00:00
[2025-04-18T06:47:14.665+0000] {standard_task_runner.py:104} INFO - Running: ['***', 'tasks', 'run', 'image_processing_pipeline', 'send_notifications', 'scheduled__2025-04-18T06:30:00+00:00', '--job-id', '47', '--raw', '--subdir', 'DAGS_FOLDER/image_processing_dag.py', '--cfg-path', '/tmp/tmpn4juuylp']
[2025-04-18T06:47:14.667+0000] {standard_task_runner.py:105} INFO - Job 47: Subtask send_notifications
[2025-04-18T06:47:14.668+0000] {logging_mixin.py:190} WARNING - /home/***/.local/lib/python3.12/site-packages/***/task/task_runner/standard_task_runner.py:70 DeprecationWarning: This process (pid=305) is multi-threaded, use of fork() may lead to deadlocks in the child.
[2025-04-18T06:47:14.669+0000] {standard_task_runner.py:72} INFO - Started process 307 to run task
[2025-04-18T06:47:14.696+0000] {task_command.py:467} INFO - Running <TaskInstance: image_processing_pipeline.send_notifications scheduled__2025-04-18T06:30:00+00:00 [running]> on host 96ec7c07bc54
[2025-04-18T06:47:14.755+0000] {taskinstance.py:3134} INFO - Exporting env vars: AIRFLOW_CTX_DAG_OWNER='***' AIRFLOW_CTX_DAG_ID='image_processing_pipeline' AIRFLOW_CTX_TASK_ID='send_notifications' AIRFLOW_CTX_EXECUTION_DATE='2025-04-18T06:30:00+00:00' AIRFLOW_CTX_TRY_NUMBER='1' AIRFLOW_CTX_DAG_RUN_ID='scheduled__2025-04-18T06:30:00+00:00'
[2025-04-18T06:47:14.756+0000] {taskinstance.py:732} INFO - ::endgroup::
[2025-04-18T06:47:14.773+0000] {notifications.py:23} INFO - Sending SNS notification to arn:aws:sns:ap-south-1:692859944185:image-processing-complete
[2025-04-18T06:47:14.902+0000] {base.py:84} INFO - Retrieving connection 'aws_default'
[2025-04-18T06:47:15.160+0000] {notifications.py:32} INFO - SNS notification sent: ab7de6ab-5880-5531-9854-86d0af33d7d4
[2025-04-18T06:47:15.162+0000] {python.py:240} INFO - Done. Returned value was: None
[2025-04-18T06:47:15.169+0000] {taskinstance.py:341} INFO - ::group::Post task execution logs
[2025-04-18T06:47:15.169+0000] {taskinstance.py:353} INFO - Marking task as SUCCESS. dag_id=image_processing_pipeline, task_id=send_notifications, run_id=scheduled__2025-04-18T06:30:00+00:00, execution_date=20250418T063000, start_date=20250418T064714, end_date=20250418T064715
[2025-04-18T06:47:15.203+0000] {local_task_job_runner.py:266} INFO - Task exited with return code 0
[2025-04-18T06:47:15.217+0000] {taskinstance.py:3901} INFO - 0 downstream tasks scheduled from follow-on schedule check
[2025-04-18T06:47:15.219+0000] {local_task_job_runner.py:245} INFO - ::endgroup::
