[2025-04-18T11:31:30.133+0000] {local_task_job_runner.py:123} INFO - ::group::Pre task execution logs
[2025-04-18T11:31:30.151+0000] {taskinstance.py:2614} INFO - Dependencies all met for dep_context=non-requeueable deps ti=<TaskInstance: image_processing_pipeline.send_notifications scheduled__2025-04-17T00:00:00+00:00 [queued]>
[2025-04-18T11:31:30.159+0000] {taskinstance.py:2614} INFO - Dependencies all met for dep_context=requeueable deps ti=<TaskInstance: image_processing_pipeline.send_notifications scheduled__2025-04-17T00:00:00+00:00 [queued]>
[2025-04-18T11:31:30.159+0000] {taskinstance.py:2867} INFO - Starting attempt 1 of 2
[2025-04-18T11:31:30.170+0000] {taskinstance.py:2890} INFO - Executing <Task(PythonOperator): send_notifications> on 2025-04-17 00:00:00+00:00
[2025-04-18T11:31:30.176+0000] {standard_task_runner.py:104} INFO - Running: ['***', 'tasks', 'run', 'image_processing_pipeline', 'send_notifications', 'scheduled__2025-04-17T00:00:00+00:00', '--job-id', '73', '--raw', '--subdir', 'DAGS_FOLDER/image_processing_dag.py', '--cfg-path', '/tmp/tmpi1o7_n63']
[2025-04-18T11:31:30.179+0000] {standard_task_runner.py:105} INFO - Job 73: Subtask send_notifications
[2025-04-18T11:31:30.181+0000] {logging_mixin.py:190} WARNING - /home/***/.local/lib/python3.12/site-packages/***/task/task_runner/standard_task_runner.py:70 DeprecationWarning: This process (pid=252) is multi-threaded, use of fork() may lead to deadlocks in the child.
[2025-04-18T11:31:30.182+0000] {standard_task_runner.py:72} INFO - Started process 253 to run task
[2025-04-18T11:31:30.209+0000] {task_command.py:467} INFO - Running <TaskInstance: image_processing_pipeline.send_notifications scheduled__2025-04-17T00:00:00+00:00 [running]> on host 8a38d9806031
[2025-04-18T11:31:30.266+0000] {taskinstance.py:3134} INFO - Exporting env vars: AIRFLOW_CTX_DAG_OWNER='***' AIRFLOW_CTX_DAG_ID='image_processing_pipeline' AIRFLOW_CTX_TASK_ID='send_notifications' AIRFLOW_CTX_EXECUTION_DATE='2025-04-17T00:00:00+00:00' AIRFLOW_CTX_TRY_NUMBER='1' AIRFLOW_CTX_DAG_RUN_ID='scheduled__2025-04-17T00:00:00+00:00'
[2025-04-18T11:31:30.266+0000] {taskinstance.py:732} INFO - ::endgroup::
[2025-04-18T11:31:30.283+0000] {notifications.py:23} INFO - Sending SNS notification to arn:aws:sns:ap-south-1:692859944185:image-processing-complete
[2025-04-18T11:31:30.289+0000] {base.py:84} INFO - Retrieving connection 'aws_default'
[2025-04-18T11:31:30.569+0000] {notifications.py:32} INFO - SNS notification sent: c5d4238c-b585-5e1b-8428-43f08fd6d6b9
[2025-04-18T11:31:30.570+0000] {notifications.py:23} INFO - Sending SNS notification to arn:aws:sns:ap-south-1:692859944185:image-processing-complete
[2025-04-18T11:31:30.576+0000] {base.py:84} INFO - Retrieving connection 'aws_default'
[2025-04-18T11:31:30.753+0000] {notifications.py:32} INFO - SNS notification sent: 9164ef55-d3bd-5520-bf9b-8f29e9ee5367
[2025-04-18T11:31:30.754+0000] {notifications.py:23} INFO - Sending SNS notification to arn:aws:sns:ap-south-1:692859944185:image-processing-complete
[2025-04-18T11:31:30.759+0000] {base.py:84} INFO - Retrieving connection 'aws_default'
[2025-04-18T11:31:30.939+0000] {notifications.py:32} INFO - SNS notification sent: ec06a499-9f91-5af5-abaa-c4e5a5c2974b
[2025-04-18T11:31:30.940+0000] {notifications.py:23} INFO - Sending SNS notification to arn:aws:sns:ap-south-1:692859944185:image-processing-complete
[2025-04-18T11:31:30.945+0000] {base.py:84} INFO - Retrieving connection 'aws_default'
[2025-04-18T11:31:31.117+0000] {notifications.py:32} INFO - SNS notification sent: 3b5a80e2-f5c0-5bad-bb71-e09ecf934e71
[2025-04-18T11:31:31.120+0000] {python.py:240} INFO - Done. Returned value was: None
[2025-04-18T11:31:31.129+0000] {taskinstance.py:341} INFO - ::group::Post task execution logs
[2025-04-18T11:31:31.129+0000] {taskinstance.py:353} INFO - Marking task as SUCCESS. dag_id=image_processing_pipeline, task_id=send_notifications, run_id=scheduled__2025-04-17T00:00:00+00:00, execution_date=20250417T000000, start_date=20250418T113130, end_date=20250418T113131
[2025-04-18T11:31:31.277+0000] {local_task_job_runner.py:266} INFO - Task exited with return code 0
[2025-04-18T11:31:31.288+0000] {taskinstance.py:3901} INFO - 0 downstream tasks scheduled from follow-on schedule check
[2025-04-18T11:31:31.289+0000] {local_task_job_runner.py:245} INFO - ::endgroup::
