[2025-04-18T11:54:54.586+0000] {local_task_job_runner.py:123} INFO - ::group::Pre task execution logs
[2025-04-18T11:54:54.600+0000] {taskinstance.py:2614} INFO - Dependencies all met for dep_context=non-requeueable deps ti=<TaskInstance: image_processing_pipeline.download_images manual__2025-04-18T11:54:51.080013+00:00 [queued]>
[2025-04-18T11:54:54.609+0000] {taskinstance.py:2614} INFO - Dependencies all met for dep_context=requeueable deps ti=<TaskInstance: image_processing_pipeline.download_images manual__2025-04-18T11:54:51.080013+00:00 [queued]>
[2025-04-18T11:54:54.609+0000] {taskinstance.py:2867} INFO - Starting attempt 1 of 2
[2025-04-18T11:54:54.621+0000] {taskinstance.py:2890} INFO - Executing <Task(PythonOperator): download_images> on 2025-04-18 11:54:51.080013+00:00
[2025-04-18T11:54:54.628+0000] {standard_task_runner.py:104} INFO - Running: ['***', 'tasks', 'run', 'image_processing_pipeline', 'download_images', 'manual__2025-04-18T11:54:51.080013+00:00', '--job-id', '86', '--raw', '--subdir', 'DAGS_FOLDER/image_processing_dag.py', '--cfg-path', '/tmp/tmp5rspu9se']
[2025-04-18T11:54:54.630+0000] {standard_task_runner.py:105} INFO - Job 86: Subtask download_images
[2025-04-18T11:54:54.633+0000] {logging_mixin.py:190} WARNING - /home/***/.local/lib/python3.12/site-packages/***/task/task_runner/standard_task_runner.py:70 DeprecationWarning: This process (pid=198) is multi-threaded, use of fork() may lead to deadlocks in the child.
[2025-04-18T11:54:54.633+0000] {standard_task_runner.py:72} INFO - Started process 199 to run task
[2025-04-18T11:54:54.657+0000] {task_command.py:467} INFO - Running <TaskInstance: image_processing_pipeline.download_images manual__2025-04-18T11:54:51.080013+00:00 [running]> on host 8a38d9806031
[2025-04-18T11:54:54.710+0000] {taskinstance.py:3134} INFO - Exporting env vars: AIRFLOW_CTX_DAG_OWNER='***' AIRFLOW_CTX_DAG_ID='image_processing_pipeline' AIRFLOW_CTX_TASK_ID='download_images' AIRFLOW_CTX_EXECUTION_DATE='2025-04-18T11:54:51.080013+00:00' AIRFLOW_CTX_TRY_NUMBER='1' AIRFLOW_CTX_DAG_RUN_ID='manual__2025-04-18T11:54:51.080013+00:00'
[2025-04-18T11:54:54.711+0000] {taskinstance.py:732} INFO - ::endgroup::
[2025-04-18T11:54:54.730+0000] {image_processing_dag.py:63} INFO - Found pottetial 4 files to process: ['Dario-Nessi_Sir-no-photos-please-copy.jpg', 'Fish-and-chips.jpg', 'uwp4684000.jpeg', 'wp4666942-dragon-fantasy-art-wallpapers.jpg']
[2025-04-18T11:54:54.736+0000] {base.py:84} INFO - Retrieving connection 'aws_default'
[2025-04-18T11:54:55.106+0000] {base.py:84} INFO - Retrieving connection 'aws_default'
[2025-04-18T11:54:55.337+0000] {base.py:84} INFO - Retrieving connection 'aws_default'
[2025-04-18T11:54:55.567+0000] {base.py:84} INFO - Retrieving connection 'aws_default'
[2025-04-18T11:54:55.799+0000] {image_processing_dag.py:81} INFO - No new files to process.
[2025-04-18T11:54:55.800+0000] {python.py:240} INFO - Done. Returned value was: []
[2025-04-18T11:54:55.840+0000] {taskinstance.py:341} INFO - ::group::Post task execution logs
[2025-04-18T11:54:55.841+0000] {taskinstance.py:353} INFO - Marking task as SUCCESS. dag_id=image_processing_pipeline, task_id=download_images, run_id=manual__2025-04-18T11:54:51.080013+00:00, execution_date=20250418T115451, start_date=20250418T115454, end_date=20250418T115455
[2025-04-18T11:54:55.890+0000] {local_task_job_runner.py:266} INFO - Task exited with return code 0
[2025-04-18T11:54:55.919+0000] {taskinstance.py:3901} INFO - 1 downstream tasks scheduled from follow-on schedule check
[2025-04-18T11:54:55.920+0000] {local_task_job_runner.py:245} INFO - ::endgroup::
