[2025-04-18T06:47:23.496+0000] {local_task_job_runner.py:123} INFO - ::group::Pre task execution logs
[2025-04-18T06:47:23.510+0000] {taskinstance.py:2614} INFO - Dependencies all met for dep_context=non-requeueable deps ti=<TaskInstance: image_processing_pipeline.upload_processed_images manual__2025-04-18T06:32:11.383104+00:00 [queued]>
[2025-04-18T06:47:23.517+0000] {taskinstance.py:2614} INFO - Dependencies all met for dep_context=requeueable deps ti=<TaskInstance: image_processing_pipeline.upload_processed_images manual__2025-04-18T06:32:11.383104+00:00 [queued]>
[2025-04-18T06:47:23.517+0000] {taskinstance.py:2867} INFO - Starting attempt 1 of 2
[2025-04-18T06:47:23.527+0000] {taskinstance.py:2890} INFO - Executing <Task(PythonOperator): upload_processed_images> on 2025-04-18 06:32:11.383104+00:00
[2025-04-18T06:47:23.533+0000] {logging_mixin.py:190} WARNING - /home/***/.local/lib/python3.12/site-packages/***/task/task_runner/standard_task_runner.py:70 DeprecationWarning: This process (pid=346) is multi-threaded, use of fork() may lead to deadlocks in the child.
[2025-04-18T06:47:23.534+0000] {standard_task_runner.py:72} INFO - Started process 347 to run task
[2025-04-18T06:47:23.534+0000] {standard_task_runner.py:104} INFO - Running: ['***', 'tasks', 'run', 'image_processing_pipeline', 'upload_processed_images', 'manual__2025-04-18T06:32:11.383104+00:00', '--job-id', '58', '--raw', '--subdir', 'DAGS_FOLDER/image_processing_dag.py', '--cfg-path', '/tmp/tmpxr7k6ing']
[2025-04-18T06:47:23.535+0000] {standard_task_runner.py:105} INFO - Job 58: Subtask upload_processed_images
[2025-04-18T06:47:23.561+0000] {task_command.py:467} INFO - Running <TaskInstance: image_processing_pipeline.upload_processed_images manual__2025-04-18T06:32:11.383104+00:00 [running]> on host 96ec7c07bc54
[2025-04-18T06:47:23.613+0000] {taskinstance.py:3134} INFO - Exporting env vars: AIRFLOW_CTX_DAG_OWNER='***' AIRFLOW_CTX_DAG_ID='image_processing_pipeline' AIRFLOW_CTX_TASK_ID='upload_processed_images' AIRFLOW_CTX_EXECUTION_DATE='2025-04-18T06:32:11.383104+00:00' AIRFLOW_CTX_TRY_NUMBER='1' AIRFLOW_CTX_DAG_RUN_ID='manual__2025-04-18T06:32:11.383104+00:00'
[2025-04-18T06:47:23.613+0000] {taskinstance.py:732} INFO - ::endgroup::
[2025-04-18T06:47:23.629+0000] {s3_operations.py:30} INFO - Uploading /tmp/***_image_processing/Dario-Nessi_Sir-no-photos-please-copy.jpg to processed-images-***/processed/Dario-Nessi_Sir-no-photos-please-copy.jpg
[2025-04-18T06:47:23.737+0000] {base.py:84} INFO - Retrieving connection 'aws_default'
[2025-04-18T06:47:24.141+0000] {s3_operations.py:33} INFO - Successfully uploaded file to processed-images-***/processed/Dario-Nessi_Sir-no-photos-please-copy.jpg
[2025-04-18T06:47:24.142+0000] {image_processing_dag.py:162} INFO - Removed temporary file: /tmp/***_image_processing/Dario-Nessi_Sir-no-photos-please-copy.jpg
[2025-04-18T06:47:24.143+0000] {python.py:240} INFO - Done. Returned value was: [{'original_key': 'Dario-Nessi_Sir-no-photos-please-copy.jpg', 'processed_key': 'processed/Dario-Nessi_Sir-no-photos-please-copy.jpg', 'local_path': '/tmp/***_image_processing/Dario-Nessi_Sir-no-photos-please-copy.jpg', 's3_url': 's3://processed-images-***/processed/Dario-Nessi_Sir-no-photos-please-copy.jpg'}]
[2025-04-18T06:47:24.169+0000] {taskinstance.py:341} INFO - ::group::Post task execution logs
[2025-04-18T06:47:24.169+0000] {taskinstance.py:353} INFO - Marking task as SUCCESS. dag_id=image_processing_pipeline, task_id=upload_processed_images, run_id=manual__2025-04-18T06:32:11.383104+00:00, execution_date=20250418T063211, start_date=20250418T064723, end_date=20250418T064724
[2025-04-18T06:47:24.229+0000] {local_task_job_runner.py:266} INFO - Task exited with return code 0
[2025-04-18T06:47:24.246+0000] {taskinstance.py:3901} INFO - 1 downstream tasks scheduled from follow-on schedule check
[2025-04-18T06:47:24.247+0000] {local_task_job_runner.py:245} INFO - ::endgroup::
