[2025-04-18T06:43:45.683+0000] {local_task_job_runner.py:123} INFO - ::group::Pre task execution logs
[2025-04-18T06:43:45.704+0000] {taskinstance.py:2614} INFO - Dependencies all met for dep_context=non-requeueable deps ti=<TaskInstance: image_processing_pipeline.download_images manual__2025-04-18T06:43:41.156596+00:00 [queued]>
[2025-04-18T06:43:45.714+0000] {taskinstance.py:2614} INFO - Dependencies all met for dep_context=requeueable deps ti=<TaskInstance: image_processing_pipeline.download_images manual__2025-04-18T06:43:41.156596+00:00 [queued]>
[2025-04-18T06:43:45.715+0000] {taskinstance.py:2867} INFO - Starting attempt 1 of 2
[2025-04-18T06:43:45.727+0000] {taskinstance.py:2890} INFO - Executing <Task(PythonOperator): download_images> on 2025-04-18 06:43:41.156596+00:00
[2025-04-18T06:43:45.737+0000] {standard_task_runner.py:104} INFO - Running: ['***', 'tasks', 'run', 'image_processing_pipeline', 'download_images', 'manual__2025-04-18T06:43:41.156596+00:00', '--job-id', '28', '--raw', '--subdir', 'DAGS_FOLDER/image_processing_dag.py', '--cfg-path', '/tmp/tmpov4zc_71']
[2025-04-18T06:43:45.740+0000] {standard_task_runner.py:105} INFO - Job 28: Subtask download_images
[2025-04-18T06:43:45.743+0000] {logging_mixin.py:190} WARNING - /home/***/.local/lib/python3.12/site-packages/***/task/task_runner/standard_task_runner.py:70 DeprecationWarning: This process (pid=203) is multi-threaded, use of fork() may lead to deadlocks in the child.
[2025-04-18T06:43:45.743+0000] {standard_task_runner.py:72} INFO - Started process 204 to run task
[2025-04-18T06:43:45.778+0000] {task_command.py:467} INFO - Running <TaskInstance: image_processing_pipeline.download_images manual__2025-04-18T06:43:41.156596+00:00 [running]> on host 96ec7c07bc54
[2025-04-18T06:43:45.854+0000] {taskinstance.py:3134} INFO - Exporting env vars: AIRFLOW_CTX_DAG_OWNER='***' AIRFLOW_CTX_DAG_ID='image_processing_pipeline' AIRFLOW_CTX_TASK_ID='download_images' AIRFLOW_CTX_EXECUTION_DATE='2025-04-18T06:43:41.156596+00:00' AIRFLOW_CTX_TRY_NUMBER='1' AIRFLOW_CTX_DAG_RUN_ID='manual__2025-04-18T06:43:41.156596+00:00'
[2025-04-18T06:43:45.855+0000] {taskinstance.py:732} INFO - ::endgroup::
[2025-04-18T06:43:45.880+0000] {image_processing_dag.py:68} INFO - Found 1 files to process: ['Dario-Nessi_Sir-no-photos-please-copy.jpg']
[2025-04-18T06:43:45.880+0000] {s3_operations.py:22} INFO - Downloading Dario-Nessi_Sir-no-photos-please-copy.jpg from original-images-*** to /tmp/***_image_processing/Dario-Nessi_Sir-no-photos-please-copy.jpg
[2025-04-18T06:43:45.890+0000] {base.py:84} INFO - Retrieving connection 'aws_default'
[2025-04-18T06:43:46.710+0000] {s3_operations.py:26} INFO - Successfully downloaded file to /tmp/***_image_processing/Dario-Nessi_Sir-no-photos-please-copy.jpg
[2025-04-18T06:43:46.712+0000] {python.py:240} INFO - Done. Returned value was: [{'original_key': 'Dario-Nessi_Sir-no-photos-please-copy.jpg', 'local_path': '/tmp/***_image_processing/Dario-Nessi_Sir-no-photos-please-copy.jpg'}]
[2025-04-18T06:43:46.731+0000] {taskinstance.py:341} INFO - ::group::Post task execution logs
[2025-04-18T06:43:46.731+0000] {taskinstance.py:353} INFO - Marking task as SUCCESS. dag_id=image_processing_pipeline, task_id=download_images, run_id=manual__2025-04-18T06:43:41.156596+00:00, execution_date=20250418T064341, start_date=20250418T064345, end_date=20250418T064346
[2025-04-18T06:43:46.800+0000] {local_task_job_runner.py:266} INFO - Task exited with return code 0
[2025-04-18T06:43:46.833+0000] {taskinstance.py:3901} INFO - 1 downstream tasks scheduled from follow-on schedule check
[2025-04-18T06:43:46.835+0000] {local_task_job_runner.py:245} INFO - ::endgroup::
