[2025-04-18T11:31:26.766+0000] {local_task_job_runner.py:123} INFO - ::group::Pre task execution logs
[2025-04-18T11:31:26.783+0000] {taskinstance.py:2614} INFO - Dependencies all met for dep_context=non-requeueable deps ti=<TaskInstance: image_processing_pipeline.watermark_images scheduled__2025-04-17T00:00:00+00:00 [queued]>
[2025-04-18T11:31:26.790+0000] {taskinstance.py:2614} INFO - Dependencies all met for dep_context=requeueable deps ti=<TaskInstance: image_processing_pipeline.watermark_images scheduled__2025-04-17T00:00:00+00:00 [queued]>
[2025-04-18T11:31:26.791+0000] {taskinstance.py:2867} INFO - Starting attempt 1 of 2
[2025-04-18T11:31:26.799+0000] {taskinstance.py:2890} INFO - Executing <Task(PythonOperator): watermark_images> on 2025-04-17 00:00:00+00:00
[2025-04-18T11:31:26.806+0000] {standard_task_runner.py:104} INFO - Running: ['***', 'tasks', 'run', 'image_processing_pipeline', 'watermark_images', 'scheduled__2025-04-17T00:00:00+00:00', '--job-id', '69', '--raw', '--subdir', 'DAGS_FOLDER/image_processing_dag.py', '--cfg-path', '/tmp/tmp65uqabuw']
[2025-04-18T11:31:26.808+0000] {standard_task_runner.py:105} INFO - Job 69: Subtask watermark_images
[2025-04-18T11:31:26.808+0000] {logging_mixin.py:190} WARNING - /home/***/.local/lib/python3.12/site-packages/***/task/task_runner/standard_task_runner.py:70 DeprecationWarning: This process (pid=232) is multi-threaded, use of fork() may lead to deadlocks in the child.
[2025-04-18T11:31:26.808+0000] {standard_task_runner.py:72} INFO - Started process 233 to run task
[2025-04-18T11:31:26.835+0000] {task_command.py:467} INFO - Running <TaskInstance: image_processing_pipeline.watermark_images scheduled__2025-04-17T00:00:00+00:00 [running]> on host 8a38d9806031
[2025-04-18T11:31:26.887+0000] {taskinstance.py:3134} INFO - Exporting env vars: AIRFLOW_CTX_DAG_OWNER='***' AIRFLOW_CTX_DAG_ID='image_processing_pipeline' AIRFLOW_CTX_TASK_ID='watermark_images' AIRFLOW_CTX_EXECUTION_DATE='2025-04-17T00:00:00+00:00' AIRFLOW_CTX_TRY_NUMBER='1' AIRFLOW_CTX_DAG_RUN_ID='scheduled__2025-04-17T00:00:00+00:00'
[2025-04-18T11:31:26.887+0000] {taskinstance.py:732} INFO - ::endgroup::
[2025-04-18T11:31:26.903+0000] {image_processing.py:37} INFO - Adding watermark to image: /tmp/***_image_processing/Dario-Nessi_Sir-no-photos-please-copy.jpg
[2025-04-18T11:31:27.217+0000] {image_processing.py:65} INFO - Added watermark successfully
[2025-04-18T11:31:27.219+0000] {image_processing.py:37} INFO - Adding watermark to image: /tmp/***_image_processing/Fish-and-chips.jpg
[2025-04-18T11:31:27.344+0000] {image_processing.py:65} INFO - Added watermark successfully
[2025-04-18T11:31:27.346+0000] {image_processing.py:37} INFO - Adding watermark to image: /tmp/***_image_processing/uwp4684000.jpeg
[2025-04-18T11:31:27.429+0000] {image_processing.py:65} INFO - Added watermark successfully
[2025-04-18T11:31:27.431+0000] {image_processing.py:37} INFO - Adding watermark to image: /tmp/***_image_processing/wp4666942-dragon-fantasy-art-wallpapers.jpg
[2025-04-18T11:31:27.638+0000] {image_processing.py:65} INFO - Added watermark successfully
[2025-04-18T11:31:27.640+0000] {python.py:240} INFO - Done. Returned value was: [{'original_key': 'Dario-Nessi_Sir-no-photos-please-copy.jpg', 'local_path': '/tmp/***_image_processing/Dario-Nessi_Sir-no-photos-please-copy.jpg'}, {'original_key': 'Fish-and-chips.jpg', 'local_path': '/tmp/***_image_processing/Fish-and-chips.jpg'}, {'original_key': 'uwp4684000.jpeg', 'local_path': '/tmp/***_image_processing/uwp4684000.jpeg'}, {'original_key': 'wp4666942-dragon-fantasy-art-wallpapers.jpg', 'local_path': '/tmp/***_image_processing/wp4666942-dragon-fantasy-art-wallpapers.jpg'}]
[2025-04-18T11:31:27.655+0000] {taskinstance.py:341} INFO - ::group::Post task execution logs
[2025-04-18T11:31:27.656+0000] {taskinstance.py:353} INFO - Marking task as SUCCESS. dag_id=image_processing_pipeline, task_id=watermark_images, run_id=scheduled__2025-04-17T00:00:00+00:00, execution_date=20250417T000000, start_date=20250418T113126, end_date=20250418T113127
[2025-04-18T11:31:27.704+0000] {local_task_job_runner.py:266} INFO - Task exited with return code 0
[2025-04-18T11:31:27.713+0000] {local_task_job_runner.py:245} INFO - ::endgroup::
